THIS EVENTS LOG FILE IS AUTO-GENERATED BY AIO

[08-Nov-2022 12:16:34 UTC] SELECT * FROM options  WHERE option_scope = '0' AND option_load = '1'<AIO>select<AIO>7<AIO>/Users/faizuddin/Workspace/AIO/AIO/core/includes/connect/queries.php<AIO>options

[08-Nov-2022 12:16:34 UTC] PDOException: SQLSTATE[42S02]: Base table or view not found: 1146 Table 'zoro.options' doesn't exist in /Users/faizuddin/Workspace/AIO/AIO/core/includes/connect/queries.php:331
Stack trace:
#0 /Users/faizuddin/Workspace/AIO/AIO/core/includes/connect/queries.php(331): PDO->query('SELECT * FROM o...')
#1 /Users/faizuddin/Workspace/AIO/AIO/core/includes/connect/queries.php(7): DB->select('options', '*', 'option_scope = ...')
#2 /Users/faizuddin/Workspace/AIO/AIO/core/includes.php(38): include_once('/Users/faizuddi...')
#3 /Users/faizuddin/Workspace/AIO/AIO/core/core.php(161): require('/Users/faizuddi...')
#4 /Users/faizuddin/Workspace/AIO/AIO/index.php(62): require('/Users/faizuddi...')
#5 {main}<AIO>error<AIO>333<AIO>/Users/faizuddin/Workspace/AIO/AIO/core/includes/connect/queries.php

[08-Nov-2022 12:16:34 UTC] SELECT * FROM options  WHERE option_name = '_Users_faizuddin_Workspace_AIO_AIO_core_includes_structure_options_md5' AND option_scope = '0' LIMIT 1<AIO>select<AIO>513<AIO>/Users/faizuddin/Workspace/AIO/AIO/core/includes/connect/queries.php<AIO>options

[08-Nov-2022 12:16:34 UTC] PDOException: SQLSTATE[42S02]: Base table or view not found: 1146 Table 'zoro.options' doesn't exist in /Users/faizuddin/Workspace/AIO/AIO/core/includes/connect/queries.php:331
Stack trace:
#0 /Users/faizuddin/Workspace/AIO/AIO/core/includes/connect/queries.php(331): PDO->query('SELECT * FROM o...')
#1 /Users/faizuddin/Workspace/AIO/AIO/core/includes/connect/queries.php(513): DB->select('options', '*', 'option_name = '...', 1)
#2 /Users/faizuddin/Workspace/AIO/AIO/core/includes/connect/queries.php(178): DB->update_option('_Users_faizuddi...', 'e3ac448156f5475...', 0, 1)
#3 /Users/faizuddin/Workspace/AIO/AIO/core/includes/structure/options.php(16): DB->automate_tables(Array)
#4 /Users/faizuddin/Workspace/AIO/AIO/core/includes/structure.php(5): include_once('/Users/faizuddi...')
#5 /Users/faizuddin/Workspace/AIO/AIO/core/includes.php(38): include_once('/Users/faizuddi...')
#6 /Users/faizuddin/Workspace/AIO/AIO/core/core.php(161): require('/Users/faizuddi...')
#7 /Users/faizuddin/Workspace/AIO/AIO/index.php(62): require('/Users/faizuddi...')
#8 {main}<AIO>error<AIO>333<AIO>/Users/faizuddin/Workspace/AIO/AIO/core/includes/connect/queries.php

[08-Nov-2022 12:16:34 UTC] INSERT INTO options (option_name,option_value,option_scope,option_load) VALUES ('_Users_faizuddin_Workspace_AIO_AIO_core_includes_structure_options_md5','e3ac448156f547576aef9f71053c6d9b','0','1')<AIO>insert<AIO>517<AIO>/Users/faizuddin/Workspace/AIO/AIO/core/includes/connect/queries.php<AIO>options

[08-Nov-2022 12:16:34 UTC] INSERT INTO options (option_name,option_value,option_scope,option_load) VALUES ('_Users_faizuddin_Workspace_AIO_AIO_core_includes_structure_options_md5','e3ac448156f547576aef9f71053c6d9b','0','1')<AIO>error<AIO>517<AIO>/Users/faizuddin/Workspace/AIO/AIO/core/includes/connect/queries.php<AIO>options

[08-Nov-2022 12:16:34 UTC] {"errorInfo":["42S02",1146,"Table 'zoro.options' doesn't exist"]}<AIO>error<AIO>517<AIO>/Users/faizuddin/Workspace/AIO/AIO/core/includes/connect/queries.php<AIO>options

[08-Nov-2022 12:16:34 UTC] CREATE TABLE IF NOT EXISTS options ( option_id INT AUTO_INCREMENT PRIMARY KEY ) DEFAULT CHARSET=utf8 COLLATE=utf8_unicode_ci<AIO>log<AIO>146<AIO>/Users/faizuddin/Workspace/AIO/AIO/core/includes/connect/queries.php<AIO>options

[08-Nov-2022 12:16:34 UTC] SELECT * FROM options  WHERE option_name = '_Users_faizuddin_Workspace_AIO_AIO_core_includes_structure_log_md5' AND option_scope = '0' LIMIT 1<AIO>select<AIO>513<AIO>/Users/faizuddin/Workspace/AIO/AIO/core/includes/connect/queries.php<AIO>options

[08-Nov-2022 12:16:34 UTC] INSERT INTO options (option_name,option_value,option_scope,option_load) VALUES ('_Users_faizuddin_Workspace_AIO_AIO_core_includes_structure_log_md5','443bea0baa072a2d3a2ead67044a45a1','0','1')<AIO>insert<AIO>517<AIO>/Users/faizuddin/Workspace/AIO/AIO/core/includes/connect/queries.php<AIO>options

[08-Nov-2022 12:16:34 UTC] CREATE TABLE IF NOT EXISTS log ( log_id INT AUTO_INCREMENT PRIMARY KEY ) DEFAULT CHARSET=utf8 COLLATE=utf8_unicode_ci<AIO>log<AIO>146<AIO>/Users/faizuddin/Workspace/AIO/AIO/core/includes/connect/queries.php<AIO>log

[08-Nov-2022 12:16:34 UTC] SELECT * FROM options  WHERE option_name = '_Users_faizuddin_Workspace_AIO_AIO_core_includes_structure_users_md5' AND option_scope = '0' LIMIT 1<AIO>select<AIO>513<AIO>/Users/faizuddin/Workspace/AIO/AIO/core/includes/connect/queries.php<AIO>options

[08-Nov-2022 12:16:34 UTC] INSERT INTO options (option_name,option_value,option_scope,option_load) VALUES ('_Users_faizuddin_Workspace_AIO_AIO_core_includes_structure_users_md5','cc1af8eb73cf4863b7925aa03175f168','0','1')<AIO>insert<AIO>517<AIO>/Users/faizuddin/Workspace/AIO/AIO/core/includes/connect/queries.php<AIO>options

[08-Nov-2022 12:16:34 UTC] CREATE TABLE IF NOT EXISTS users ( user_id INT AUTO_INCREMENT PRIMARY KEY ) DEFAULT CHARSET=utf8 COLLATE=utf8_unicode_ci<AIO>log<AIO>146<AIO>/Users/faizuddin/Workspace/AIO/AIO/core/includes/connect/queries.php<AIO>users

[08-Nov-2022 12:16:34 UTC] CREATE TABLE IF NOT EXISTS access ( access_id INT AUTO_INCREMENT PRIMARY KEY ) DEFAULT CHARSET=utf8 COLLATE=utf8_unicode_ci<AIO>log<AIO>146<AIO>/Users/faizuddin/Workspace/AIO/AIO/core/includes/connect/queries.php<AIO>access

[08-Nov-2022 12:16:34 UTC] CREATE TABLE IF NOT EXISTS sessions ( session_id INT AUTO_INCREMENT PRIMARY KEY ) DEFAULT CHARSET=utf8 COLLATE=utf8_unicode_ci<AIO>log<AIO>146<AIO>/Users/faizuddin/Workspace/AIO/AIO/core/includes/connect/queries.php<AIO>sessions

[08-Nov-2022 12:16:34 UTC] CREATE TABLE IF NOT EXISTS alerts ( alert_id INT AUTO_INCREMENT PRIMARY KEY ) DEFAULT CHARSET=utf8 COLLATE=utf8_unicode_ci<AIO>log<AIO>146<AIO>/Users/faizuddin/Workspace/AIO/AIO/core/includes/connect/queries.php<AIO>alerts

[08-Nov-2022 12:16:35 UTC] SELECT * FROM options  WHERE option_name = '_Users_faizuddin_Workspace_AIO_AIO_core_includes_structure_i18n_md5' AND option_scope = '0' LIMIT 1<AIO>select<AIO>513<AIO>/Users/faizuddin/Workspace/AIO/AIO/core/includes/connect/queries.php<AIO>options

[08-Nov-2022 12:16:35 UTC] INSERT INTO options (option_name,option_value,option_scope,option_load) VALUES ('_Users_faizuddin_Workspace_AIO_AIO_core_includes_structure_i18n_md5','25c8eb40a7bfcd2d3f98045fa9906d31','0','1')<AIO>insert<AIO>517<AIO>/Users/faizuddin/Workspace/AIO/AIO/core/includes/connect/queries.php<AIO>options

[08-Nov-2022 12:16:35 UTC] CREATE TABLE IF NOT EXISTS translations ( t_id INT AUTO_INCREMENT PRIMARY KEY ) DEFAULT CHARSET=utf8 COLLATE=utf8_unicode_ci<AIO>log<AIO>146<AIO>/Users/faizuddin/Workspace/AIO/AIO/core/includes/connect/queries.php<AIO>translations

[08-Nov-2022 12:16:35 UTC] SELECT * FROM options  WHERE option_name = '_Users_faizuddin_Workspace_AIO_AIO_core_includes_structure_storage_md5' AND option_scope = '0' LIMIT 1<AIO>select<AIO>513<AIO>/Users/faizuddin/Workspace/AIO/AIO/core/includes/connect/queries.php<AIO>options

[08-Nov-2022 12:16:35 UTC] INSERT INTO options (option_name,option_value,option_scope,option_load) VALUES ('_Users_faizuddin_Workspace_AIO_AIO_core_includes_structure_storage_md5','8cce6f83ab8cee34959e309930e6a48a','0','1')<AIO>insert<AIO>517<AIO>/Users/faizuddin/Workspace/AIO/AIO/core/includes/connect/queries.php<AIO>options

[08-Nov-2022 12:16:35 UTC] CREATE TABLE IF NOT EXISTS storage ( file_id INT AUTO_INCREMENT PRIMARY KEY ) DEFAULT CHARSET=utf8 COLLATE=utf8_unicode_ci<AIO>log<AIO>146<AIO>/Users/faizuddin/Workspace/AIO/AIO/core/includes/connect/queries.php<AIO>storage

[08-Nov-2022 12:16:53 UTC] PHP Fatal error:  Uncaught Error: Call to undefined function elog() in /Users/faizuddin/Workspace/AIO/AIO/core/includes/connect/connect.php:70
Stack trace:
#0 /Users/faizuddin/Workspace/AIO/AIO/core/core.php(151): require()
#1 /Users/faizuddin/Workspace/AIO/AIO/index.php(62): require('/Users/faizuddi...')
#2 {main}
  thrown in /Users/faizuddin/Workspace/AIO/AIO/core/includes/connect/connect.php on line 70
[08-Nov-2022 12:16:57 UTC] SELECT * FROM options  WHERE option_scope = '0' AND option_load = '1'<AIO>select<AIO>7<AIO>/Users/faizuddin/Workspace/AIO/AIO/core/includes/connect/queries.php<AIO>options

[08-Nov-2022 12:16:57 UTC] SELECT * FROM options  WHERE option_name = '_Users_faizuddin_Workspace_AIO_AIO_core_includes_structure_options_md5' AND option_scope = '0' LIMIT 1<AIO>select<AIO>513<AIO>/Users/faizuddin/Workspace/AIO/AIO/core/includes/connect/queries.php<AIO>options

[08-Nov-2022 12:16:57 UTC] INSERT INTO options (option_name,option_value,option_scope,option_load) VALUES ('_Users_faizuddin_Workspace_AIO_AIO_core_includes_structure_options_md5','e3ac448156f547576aef9f71053c6d9b','0','1')<AIO>insert<AIO>517<AIO>/Users/faizuddin/Workspace/AIO/AIO/core/includes/connect/queries.php<AIO>options

[08-Nov-2022 12:16:57 UTC] CREATE TABLE IF NOT EXISTS options ( option_id INT AUTO_INCREMENT PRIMARY KEY ) DEFAULT CHARSET=utf8 COLLATE=utf8_unicode_ci<AIO>log<AIO>146<AIO>/Users/faizuddin/Workspace/AIO/AIO/core/includes/connect/queries.php<AIO>options

[08-Nov-2022 12:16:57 UTC] {"errorInfo":["42S21",1060,"Duplicate column name 'option_name'"]} - ALTER TABLE options ADD COLUMN option_name VARCHAR(256) NOT NULL<AIO>column<AIO>127<AIO>/Users/faizuddin/Workspace/AIO/AIO/core/includes/connect/queries.php<AIO>options-option_name

[08-Nov-2022 12:16:57 UTC] {"errorInfo":["42S21",1060,"Duplicate column name 'option_value'"]} - ALTER TABLE options ADD COLUMN option_value VARCHAR(4096) NOT NULL<AIO>column<AIO>127<AIO>/Users/faizuddin/Workspace/AIO/AIO/core/includes/connect/queries.php<AIO>options-option_value

[08-Nov-2022 12:16:57 UTC] {"errorInfo":["42S21",1060,"Duplicate column name 'option_scope'"]} - ALTER TABLE options ADD COLUMN option_scope INT(13) NULL<AIO>column<AIO>127<AIO>/Users/faizuddin/Workspace/AIO/AIO/core/includes/connect/queries.php<AIO>options-option_scope

[08-Nov-2022 12:16:57 UTC] {"errorInfo":["42S21",1060,"Duplicate column name 'option_load'"]} - ALTER TABLE options ADD COLUMN option_load BOOL NULL<AIO>column<AIO>127<AIO>/Users/faizuddin/Workspace/AIO/AIO/core/includes/connect/queries.php<AIO>options-option_load

[09-Nov-2022 03:43:05 UTC] SELECT * FROM options  WHERE option_scope = '0' AND option_load = '1'<AIO>select<AIO>7<AIO>/Users/faizuddin/Workspace/AIO/AIO/core/includes/connect/queries.php<AIO>options

[09-Nov-2022 03:46:49 UTC] SELECT * FROM options  WHERE option_scope = '0' AND option_load = '1'<AIO>select<AIO>7<AIO>/Users/faizuddin/Workspace/AIO/AIO/core/includes/connect/queries.php<AIO>options

[09-Nov-2022 03:46:50 UTC] SELECT * FROM options  WHERE option_scope = '0' AND option_load = '1'<AIO>select<AIO>7<AIO>/Users/faizuddin/Workspace/AIO/AIO/core/includes/connect/queries.php<AIO>options

[09-Nov-2022 03:46:52 UTC] SELECT * FROM options  WHERE option_scope = '0' AND option_load = '1'<AIO>select<AIO>7<AIO>/Users/faizuddin/Workspace/AIO/AIO/core/includes/connect/queries.php<AIO>options

[09-Nov-2022 03:46:53 UTC] SELECT * FROM options  WHERE option_scope = '0' AND option_load = '1'<AIO>select<AIO>7<AIO>/Users/faizuddin/Workspace/AIO/AIO/core/includes/connect/queries.php<AIO>options

[09-Nov-2022 03:46:54 UTC] SELECT * FROM options  WHERE option_scope = '0' AND option_load = '1'<AIO>select<AIO>7<AIO>/Users/faizuddin/Workspace/AIO/AIO/core/includes/connect/queries.php<AIO>options

[09-Nov-2022 03:46:54 UTC] SELECT * FROM options  WHERE option_scope = '0' AND option_load = '1'<AIO>select<AIO>7<AIO>/Users/faizuddin/Workspace/AIO/AIO/core/includes/connect/queries.php<AIO>options

[09-Nov-2022 03:46:55 UTC] SELECT * FROM options  WHERE option_scope = '0' AND option_load = '1'<AIO>select<AIO>7<AIO>/Users/faizuddin/Workspace/AIO/AIO/core/includes/connect/queries.php<AIO>options

[09-Nov-2022 03:46:55 UTC] SELECT * FROM options  WHERE option_scope = '0' AND option_load = '1'<AIO>select<AIO>7<AIO>/Users/faizuddin/Workspace/AIO/AIO/core/includes/connect/queries.php<AIO>options

